[debug] [2023-11-17T07:52:21.011Z] ----------------------------------------------------------------------
[debug] [2023-11-17T07:52:21.012Z] Command:       /usr/local/bin/node /usr/local/bin/firebase init
[debug] [2023-11-17T07:52:21.013Z] CLI Version:   12.9.1
[debug] [2023-11-17T07:52:21.013Z] Platform:      linux
[debug] [2023-11-17T07:52:21.013Z] Node Version:  v19.6.0
[debug] [2023-11-17T07:52:21.013Z] Time:          Fri Nov 17 2023 13:52:21 GMT+0600 (Bangladesh Standard Time)
[debug] [2023-11-17T07:52:21.013Z] ----------------------------------------------------------------------
[debug] 
[debug] [2023-11-17T07:52:21.017Z] > command requires scopes: ["email","openid","https://www.googleapis.com/auth/cloudplatformprojects.readonly","https://www.googleapis.com/auth/firebase","https://www.googleapis.com/auth/cloud-platform"]
[debug] [2023-11-17T07:52:21.017Z] > authorizing via signed-in user (official.rudrodipsarker@gmail.com)
[info] 
     ######## #### ########  ######## ########     ###     ######  ########
     ##        ##  ##     ## ##       ##     ##  ##   ##  ##       ##
     ######    ##  ########  ######   ########  #########  ######  ######
     ##        ##  ##    ##  ##       ##     ## ##     ##       ## ##
     ##       #### ##     ## ######## ########  ##     ##  ######  ########

You're about to initialize a Firebase project in this directory:

  /home/rudrodip/Programming/catmash

[info] 
=== Project Setup
[info] 
[info] First, let's associate this project directory with a Firebase project.
[info] You can create multiple project aliases by running firebase use --add, 
[info] but for now we'll just set up a default project.
[info] 
[debug] [2023-11-17T07:52:30.969Z] >>> [apiv2][query] GET https://firebase.googleapis.com/v1beta1/projects pageSize=100
[debug] [2023-11-17T07:52:32.142Z] <<< [apiv2][status] GET https://firebase.googleapis.com/v1beta1/projects 200
[debug] [2023-11-17T07:52:32.142Z] <<< [apiv2][body] GET https://firebase.googleapis.com/v1beta1/projects [omitted]
[info] i  Using project catmash-ec640 (CatMash) 
[info] 
=== Hosting Setup
[debug] [2023-11-17T07:52:33.579Z] >>> [apiv2][query] GET https://firebase.googleapis.com/v1beta1/projects/catmash-ec640 [none]
[debug] [2023-11-17T07:52:33.935Z] <<< [apiv2][status] GET https://firebase.googleapis.com/v1beta1/projects/catmash-ec640 200
[debug] [2023-11-17T07:52:33.935Z] <<< [apiv2][body] GET https://firebase.googleapis.com/v1beta1/projects/catmash-ec640 {"projectId":"catmash-ec640","projectNumber":"819138736940","displayName":"CatMash","name":"projects/catmash-ec640","resources":{"hostingSite":"catmash-ec640"},"state":"ACTIVE","etag":"1_580929f7-9e06-43c1-865c-189be054fffa"}
[info] 
[info] Your public directory is the folder (relative to your project directory) that
[info] will contain Hosting assets to be uploaded with firebase deploy. If you
[info] have a build process for your assets, use your build's output directory.
[info] 
[debug] [2023-11-17T07:53:02.726Z] >>> [apiv2][query] GET https://www.gstatic.com/firebasejs/releases.json [none]
[debug] [2023-11-17T07:53:02.940Z] <<< [apiv2][status] GET https://www.gstatic.com/firebasejs/releases.json 200
[debug] [2023-11-17T07:53:02.940Z] <<< [apiv2][body] GET https://www.gstatic.com/firebasejs/releases.json {"current":{"version":"10.6.0","browserURL":"https://www.gstatic.com/firebasejs/10.6.0/firebase.js","packageURL":"https://www.gstatic.com/firebasejs/10.6.0/firebase.tgz"},"live":{"version":"10.6","browserURL":"https://www.gstatic.com/firebasejs/live/10.6/firebase.js","packageURL":"https://www.gstatic.com/firebasejs/live/10.6/firebase.tgz"},"components":{"analytics":"https://www.gstatic.com/firebasejs/10.6.0/firebase-analytics.js","app":"https://www.gstatic.com/firebasejs/10.6.0/firebase-app.js","app-check":"https://www.gstatic.com/firebasejs/10.6.0/firebase-app-check.js","auth":"https://www.gstatic.com/firebasejs/10.6.0/firebase-auth.js","auth/cordova":"https://www.gstatic.com/firebasejs/10.6.0/firebase-auth/cordova.js","functions":"https://www.gstatic.com/firebasejs/10.6.0/firebase-functions.js","firestore":"https://www.gstatic.com/firebasejs/10.6.0/firebase-firestore.js","firestore/lite":"https://www.gstatic.com/firebasejs/10.6.0/firebase-firestore/lite.js","installations":"https://www.gstatic.com/firebasejs/10.6.0/firebase-installations.js","storage":"https://www.gstatic.com/firebasejs/10.6.0/firebase-storage.js","performance":"https://www.gstatic.com/firebasejs/10.6.0/firebase-performance.js","remote-config":"https://www.gstatic.com/firebasejs/10.6.0/firebase-remote-config.js","messaging":"https://www.gstatic.com/firebasejs/10.6.0/firebase-messaging.js","messaging/sw":"https://www.gstatic.com/firebasejs/10.6.0/firebase-messaging/sw.js","database":"https://www.gstatic.com/firebasejs/10.6.0/firebase-database.js","firestore.memory":"https://www.gstatic.com/firebasejs/10.6.0/firebase-firestore.memory.js"}}
[info] i  Skipping write of src/index.html 
[info] 
[info] i  Detected a .git folder at /home/rudrodip/Programming/catmash 
[info] i  Authorizing with GitHub to upload your service account to a GitHub repository's secrets store. 
[info] 
[info] Visit this URL on this device to log in:
[info] https://github.com/login/oauth/authorize?client_id=89cf50f02ac6aaed3484&state=574570230&redirect_uri=http%3A%2F%2Flocalhost%3A9005&scope=read%3Auser%20repo%20public_repo
[info] 
[info] Waiting for authentication...
[debug] [2023-11-17T07:53:22.496Z] >>> [apiv2][query] POST https://github.com/login/oauth/access_token [none]
[debug] [2023-11-17T07:53:22.496Z] >>> [apiv2][body] POST https://github.com/login/oauth/access_token [stream]
[debug] [2023-11-17T07:53:23.238Z] <<< [apiv2][status] POST https://github.com/login/oauth/access_token 200
[debug] [2023-11-17T07:53:23.238Z] <<< [apiv2][body] POST https://github.com/login/oauth/access_token {"access_token":"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","token_type":"bearer","scope":"read:user,repo"}
[debug] [2023-11-17T07:53:23.243Z] >>> [apiv2][query] GET https://api.github.com/user [none]
[debug] [2023-11-17T07:53:23.835Z] <<< [apiv2][status] GET https://api.github.com/user 200
[debug] [2023-11-17T07:53:23.835Z] <<< [apiv2][body] GET https://api.github.com/user {"login":"rudrodip","id":77154365,"node_id":"MDQ6VXNlcjc3MTU0MzY1","avatar_url":"https://avatars.githubusercontent.com/u/77154365?v=4","gravatar_id":"","url":"https://api.github.com/users/rudrodip","html_url":"https://github.com/rudrodip","followers_url":"https://api.github.com/users/rudrodip/followers","following_url":"https://api.github.com/users/rudrodip/following{/other_user}","gists_url":"https://api.github.com/users/rudrodip/gists{/gist_id}","starred_url":"https://api.github.com/users/rudrodip/starred{/owner}{/repo}","subscriptions_url":"https://api.github.com/users/rudrodip/subscriptions","organizations_url":"https://api.github.com/users/rudrodip/orgs","repos_url":"https://api.github.com/users/rudrodip/repos","events_url":"https://api.github.com/users/rudrodip/events{/privacy}","received_events_url":"https://api.github.com/users/rudrodip/received_events","type":"User","site_admin":false,"name":"rudrodip","company":null,"blog":"https://rudrodip.tech","location":"Bangladesh","email":null,"hireable":null,"bio":"enthusiast coder","twitter_username":"rds_agi","public_repos":47,"public_gists":3,"followers":11,"following":5,"created_at":"2021-01-08T12:21:31Z","updated_at":"2023-11-16T13:00:30Z","private_gists":3,"total_private_repos":3,"owned_private_repos":3,"disk_usage":238107,"collaborators":0,"two_factor_authentication":false,"plan":{"name":"pro","space":976562499,"collaborators":0,"private_repos":9999}}
[info] 
[info] ✔  Success! Logged into GitHub as rudrodip 
[info] 
